10:48:36 [Skill] INFO  Skill:139 - Connecting to Furhat server on 0.0.0.0:1932
10:48:37 [MovierecomenderSkill] INFO  MovierecomenderSkill:166 - Starting skill
10:48:40 [ErrorLoggingThread] ERROR MovierecomenderSkill:459 - Exception in thread "pool-3-thread-1" java.lang.Error: furhatos.nlu.InterpreterException: Could not find enough examples to resolve duplicate entity Number in furhatos.app.movierecomender.nlu.PreferedYears
	at java.util.concurrent.ThreadPoolExecutor.runWorker(ThreadPoolExecutor.java:1155)
	at java.util.concurrent.ThreadPoolExecutor$Worker.run(ThreadPoolExecutor.java:624)
	at java.lang.Thread.run(Thread.java:748)
Caused by: furhatos.nlu.InterpreterException: Could not find enough examples to resolve duplicate entity Number in furhatos.app.movierecomender.nlu.PreferedYears
	at furhatos.nlu.EntityFinder.getPositionExamples(EntityFinder.kt:76)
	at furhatos.nlu.EntityFinder.<init>(EntityFinder.kt:101)
	at furhatos.nlu.Intent.getEntityFinder(Intent.kt:38)
	at furhatos.nlu.Intent.preload(Intent.kt:29)
	at furhatos.flow.kotlin.IntentClassifierBuilder$preload$1.run(IntentClassifierBuilder.kt:24)
	at java.util.concurrent.ThreadPoolExecutor.runWorker(ThreadPoolExecutor.java:1149)
	... 2 more

10:48:42 [MovierecomenderSkill] ERROR StateRunner:186 - java.util.concurrent.ExecutionException: furhatos.nlu.InterpreterException: Could not find enough examples to resolve duplicate entity Number in furhatos.app.movierecomender.nlu.PreferedYears
10:48:42 [ErrorLoggingThread] ERROR MovierecomenderSkill:459 - java.util.concurrent.ExecutionException: furhatos.nlu.InterpreterException: Could not find enough examples to resolve duplicate entity Number in furhatos.app.movierecomender.nlu.PreferedYears
	at java.util.concurrent.FutureTask.report(FutureTask.java:122)
	at java.util.concurrent.FutureTask.get(FutureTask.java:206)
	at furhatos.flow.kotlin.IntentClassifierBuilder.getIntentClassifier(IntentClassifierBuilder.kt:69)
	at furhatos.flow.kotlin.Furhat.setSpeechRecPhrasesFromIntents(Furhat.kt:675)
	at furhatos.flow.kotlin.ImplementationsKt$Listen$1$1.invoke(implementations.kt:43)
	at furhatos.flow.kotlin.ImplementationsKt$Listen$1$1.invoke(implementations.kt)
	at furhatos.flow.kotlin.StateRunner.runEntryTrigger(StateRunner.kt:180)
	at furhatos.flow.kotlin.StateRunner.run(StateRunner.kt:65)
	at furhatos.flow.kotlin.FlowControlRunner.tailRecRunCall(FlowControlRunner.kt:89)
	at furhatos.flow.kotlin.FlowControlRunner.call(FlowControlRunner.kt:61)
	at furhatos.flow.kotlin.FlowControlRunner.call$default(FlowControlRunner.kt:55)
	at furhatos.flow.kotlin.ImplementationsKt$Ask$1$1.invoke(implementations.kt:220)
	at furhatos.flow.kotlin.ImplementationsKt$Ask$1$1.invoke(implementations.kt)
	at furhatos.flow.kotlin.StateRunner.runEntryTrigger(StateRunner.kt:180)
	at furhatos.flow.kotlin.StateRunner.run(StateRunner.kt:65)
	at furhatos.flow.kotlin.FlowControlRunner.tailRecRunCall(FlowControlRunner.kt:89)
	at furhatos.flow.kotlin.FlowControlRunner.call(FlowControlRunner.kt:61)
	at furhatos.flow.kotlin.FlowControlRunner.call$default(FlowControlRunner.kt:55)
	at furhatos.flow.kotlin.Furhat.ask(Furhat.kt:493)
	at furhatos.flow.kotlin.Furhat.ask$default(Furhat.kt:486)
	at furhatos.flow.kotlin.Furhat.ask(Furhat.kt:437)
	at furhatos.flow.kotlin.Furhat.ask$default(Furhat.kt:435)
	at furhatos.app.movierecomender.flow.InteractionKt$FirstState$1$1.invoke(interaction.kt:133)
	at furhatos.app.movierecomender.flow.InteractionKt$FirstState$1$1.invoke(interaction.kt)
	at furhatos.flow.kotlin.StateRunner.runEntryTrigger(StateRunner.kt:180)
	at furhatos.flow.kotlin.StateRunner.run(StateRunner.kt:65)
	at furhatos.flow.kotlin.Flow.tailRecRun(Flow.kt:146)
	at furhatos.flow.kotlin.Flow.run(Flow.kt:110)
	at furhatos.app.movierecomender.MovierecomenderSkill.start(main.kt:9)
	at furhatos.skills.Skill.initializeSkill(Skill.java:169)
	at furhatos.skills.Skill.lambda$startSkill$2(Skill.java:227)
	at java.lang.Thread.run(Thread.java:748)
Caused by: furhatos.nlu.InterpreterException: Could not find enough examples to resolve duplicate entity Number in furhatos.app.movierecomender.nlu.PreferedYears
	at furhatos.nlu.EntityFinder.getPositionExamples(EntityFinder.kt:76)
	at furhatos.nlu.EntityFinder.<init>(EntityFinder.kt:101)
	at furhatos.nlu.Intent.getEntityFinder(Intent.kt:38)
	at furhatos.nlu.Intent.preload(Intent.kt:29)
	at furhatos.nlu.IdfMultiIntentClassifier.<init>(IdfMultiIntentClassifier.kt:35)
	at furhatos.nlu.IdfMultiIntentClassifier.<init>(IdfMultiIntentClassifier.kt:17)
	at furhatos.nlu.IdfMultiIntentClassifier$Factory.getClassifier(IdfMultiIntentClassifier.kt:288)
	at furhatos.flow.kotlin.IntentClassifierBuilder$init$1$task$1.call(IntentClassifierBuilder.kt:55)
	at furhatos.flow.kotlin.IntentClassifierBuilder$init$1$task$1.call(IntentClassifierBuilder.kt:15)
	at java.util.concurrent.FutureTask.run$$$capture(FutureTask.java:266)
	at java.util.concurrent.FutureTask.run(FutureTask.java)
	at java.util.concurrent.ThreadPoolExecutor.runWorker(ThreadPoolExecutor.java:1149)
	at java.util.concurrent.ThreadPoolExecutor$Worker.run(ThreadPoolExecutor.java:624)
	... 1 more
furhatos.nlu.InterpreterException: Could not find enough examples to resolve duplicate entity Number in furhatos.app.movierecomender.nlu.PreferedYears
	at furhatos.nlu.EntityFinder.getPositionExamples(EntityFinder.kt:76)
	at furhatos.nlu.EntityFinder.<init>(EntityFinder.kt:101)
	at furhatos.nlu.Intent.getEntityFinder(Intent.kt:38)
	at furhatos.nlu.Intent.preload(Intent.kt:29)
	at furhatos.nlu.IdfMultiIntentClassifier.<init>(IdfMultiIntentClassifier.kt:35)
	at furhatos.nlu.IdfMultiIntentClassifier.<init>(IdfMultiIntentClassifier.kt:17)
	at furhatos.nlu.IdfMultiIntentClassifier$Factory.getClassifier(IdfMultiIntentClassifier.kt:288)
	at furhatos.flow.kotlin.IntentClassifierBuilder$init$1$task$1.call(IntentClassifierBuilder.kt:55)
	at furhatos.flow.kotlin.IntentClassifierBuilder$init$1$task$1.call(IntentClassifierBuilder.kt:15)
	at java.util.concurrent.FutureTask.run$$$capture(FutureTask.java:266)
	at java.util.concurrent.FutureTask.run(FutureTask.java)
	at java.util.concurrent.ThreadPoolExecutor.runWorker(ThreadPoolExecutor.java:1149)
	at java.util.concurrent.ThreadPoolExecutor$Worker.run(ThreadPoolExecutor.java:624)
	at java.lang.Thread.run(Thread.java:748)

