16:04:59 [Skill] INFO  Skill:139 - Connecting to Furhat server on 0.0.0.0:1932
16:05:00 [MovierecomenderSkill] INFO  MovierecomenderSkill:166 - Starting skill
16:05:15 [ErrorLoggingThread] ERROR MovierecomenderSkill:459 - Exception in thread "pool-3-thread-1" java.lang.Error: java.io.FileNotFoundException: data/actors.csv (No such file or directory)
	at java.util.concurrent.ThreadPoolExecutor.runWorker(ThreadPoolExecutor.java:1155)
	at java.util.concurrent.ThreadPoolExecutor$Worker.run(ThreadPoolExecutor.java:624)
	at java.lang.Thread.run(Thread.java:748)
Caused by: java.io.FileNotFoundException: data/actors.csv (No such file or directory)
	at java.io.FileInputStream.open0(Native Method)
	at java.io.FileInputStream.open(FileInputStream.java:195)
	at java.io.FileInputStream.<init>(FileInputStream.java:138)
	at furhatos.app.movierecomender.nlu.Actor.getEnum(nlu.kt:63)
	at furhatos.nlu.EnumEntity.getEnumItems(EnumEntity.kt:26)
	at furhatos.nlu.GenericEnumEntity.getInterpreterImpl(GenericEnumEntity.kt:18)
	at furhatos.nlu.Entity.getInterpreter(Entity.java:67)
	at furhatos.nlu.DependencyGraph.addDependencies(DependencyGraph.java:98)
	at furhatos.nlu.DependencyGraph.addEntity(DependencyGraph.java:35)
	at furhatos.nlu.Interpreter.preload(Interpreter.java:43)
	at furhatos.nlu.IntentCandidate.preload(IntentCandidate.java:96)
	at furhatos.nlu.Intent.preload(Intent.kt:27)
	at furhatos.flow.kotlin.IntentClassifierBuilder$preload$1.run(IntentClassifierBuilder.kt:24)
	at java.util.concurrent.ThreadPoolExecutor.runWorker(ThreadPoolExecutor.java:1149)
	... 2 more

16:05:17 [MovierecomenderSkill] ERROR StateRunner:186 - java.util.concurrent.ExecutionException: java.io.FileNotFoundException: data/actors.csv (No such file or directory)
16:05:18 [ErrorLoggingThread] ERROR MovierecomenderSkill:459 - java.util.concurrent.ExecutionException: java.io.FileNotFoundException: data/actors.csv (No such file or directory)
	at java.util.concurrent.FutureTask.report(FutureTask.java:122)
	at java.util.concurrent.FutureTask.get(FutureTask.java:206)
	at furhatos.flow.kotlin.IntentClassifierBuilder.getIntentClassifier(IntentClassifierBuilder.kt:69)
	at furhatos.flow.kotlin.Furhat.setSpeechRecPhrasesFromIntents(Furhat.kt:675)
	at furhatos.flow.kotlin.ImplementationsKt$Listen$1$1.invoke(implementations.kt:43)
	at furhatos.flow.kotlin.ImplementationsKt$Listen$1$1.invoke(implementations.kt)
	at furhatos.flow.kotlin.StateRunner.runEntryTrigger(StateRunner.kt:180)
	at furhatos.flow.kotlin.StateRunner.run(StateRunner.kt:65)
	at furhatos.flow.kotlin.FlowControlRunner.tailRecRunCall(FlowControlRunner.kt:89)
	at furhatos.flow.kotlin.FlowControlRunner.call(FlowControlRunner.kt:61)
	at furhatos.flow.kotlin.FlowControlRunner.call$default(FlowControlRunner.kt:55)
	at furhatos.flow.kotlin.ImplementationsKt$Ask$1$1.invoke(implementations.kt:220)
	at furhatos.flow.kotlin.ImplementationsKt$Ask$1$1.invoke(implementations.kt)
	at furhatos.flow.kotlin.StateRunner.runEntryTrigger(StateRunner.kt:180)
	at furhatos.flow.kotlin.StateRunner.run(StateRunner.kt:65)
	at furhatos.flow.kotlin.FlowControlRunner.tailRecRunCall(FlowControlRunner.kt:89)
	at furhatos.flow.kotlin.FlowControlRunner.call(FlowControlRunner.kt:61)
	at furhatos.flow.kotlin.FlowControlRunner.call$default(FlowControlRunner.kt:55)
	at furhatos.flow.kotlin.Furhat.ask(Furhat.kt:493)
	at furhatos.flow.kotlin.Furhat.ask$default(Furhat.kt:486)
	at furhatos.flow.kotlin.Furhat.ask(Furhat.kt:467)
	at furhatos.flow.kotlin.Furhat.ask$default(Furhat.kt:465)
	at furhatos.app.movierecomender.flow.InteractionKt$FirstState$1$1.invoke(interaction.kt:63)
	at furhatos.app.movierecomender.flow.InteractionKt$FirstState$1$1.invoke(interaction.kt)
	at furhatos.flow.kotlin.StateRunner.runEntryTrigger(StateRunner.kt:180)
	at furhatos.flow.kotlin.StateRunner.run(StateRunner.kt:65)
	at furhatos.flow.kotlin.Flow.tailRecRun(Flow.kt:146)
	at furhatos.flow.kotlin.Flow.run(Flow.kt:110)
	at furhatos.app.movierecomender.MovierecomenderSkill.start(main.kt:9)
	at furhatos.skills.Skill.initializeSkill(Skill.java:169)
	at furhatos.skills.Skill.lambda$startSkill$2(Skill.java:227)
	at java.lang.Thread.run(Thread.java:748)
Caused by: java.io.FileNotFoundException: data/actors.csv (No such file or directory)
	at java.io.FileInputStream.open0(Native Method)
	at java.io.FileInputStream.open(FileInputStream.java:195)
	at java.io.FileInputStream.<init>(FileInputStream.java:138)
	at furhatos.app.movierecomender.nlu.Actor.getEnum(nlu.kt:63)
	at furhatos.nlu.EnumEntity.getEnumItems(EnumEntity.kt:26)
	at furhatos.nlu.GenericEnumEntity.getInterpreterImpl(GenericEnumEntity.kt:18)
	at furhatos.nlu.Entity.getInterpreter(Entity.java:67)
	at furhatos.nlu.DependencyGraph.addDependencies(DependencyGraph.java:98)
	at furhatos.nlu.DependencyGraph.addEntity(DependencyGraph.java:35)
	at furhatos.nlu.Interpreter.preload(Interpreter.java:43)
	at furhatos.nlu.IntentCandidate.preload(IntentCandidate.java:96)
	at furhatos.nlu.Intent.preload(Intent.kt:27)
	at furhatos.nlu.IdfMultiIntentClassifier.<init>(IdfMultiIntentClassifier.kt:35)
	at furhatos.nlu.IdfMultiIntentClassifier.<init>(IdfMultiIntentClassifier.kt:17)
	at furhatos.nlu.IdfMultiIntentClassifier$Factory.getClassifier(IdfMultiIntentClassifier.kt:288)
	at furhatos.flow.kotlin.IntentClassifierBuilder$init$1$task$1.call(IntentClassifierBuilder.kt:55)
	at furhatos.flow.kotlin.IntentClassifierBuilder$init$1$task$1.call(IntentClassifierBuilder.kt:15)
	at java.util.concurrent.FutureTask.run(FutureTask.java:266)
	at java.util.concurrent.ThreadPoolExecutor.runWorker(ThreadPoolExecutor.java:1149)
	at java.util.concurrent.ThreadPoolExecutor$Worker.run(ThreadPoolExecutor.java:624)
	... 1 more
java.io.FileNotFoundException: data/actors.csv (No such file or directory)
	at java.io.FileInputStream.open0(Native Method)
	at java.io.FileInputStream.open(FileInputStream.java:195)
	at java.io.FileInputStream.<init>(FileInputStream.java:138)
	at furhatos.app.movierecomender.nlu.Actor.getEnum(nlu.kt:63)
	at furhatos.nlu.EnumEntity.getEnumItems(EnumEntity.kt:26)
	at furhatos.nlu.GenericEnumEntity.getInterpreterImpl(GenericEnumEntity.kt:18)
	at furhatos.nlu.Entity.getInterpreter(Entity.java:67)
	at furhatos.nlu.DependencyGraph.addDependencies(DependencyGraph.java:98)
	at furhatos.nlu.DependencyGraph.addEntity(DependencyGraph.java:35)
	at furhatos.nlu.Interpreter.preload(Interpreter.java:43)
	at furhatos.nlu.IntentCandidate.preload(IntentCandidate.java:96)
	at furhatos.nlu.Intent.preload(Intent.kt:27)
	at furhatos.nlu.IdfMultiIntentClassifier.<init>(IdfMultiIntentClassifier.kt:35)
	at furhatos.nlu.IdfMultiIntentClassifier.<init>(IdfMultiIntentClassifier.kt:17)
	at furhatos.nlu.IdfMultiIntentClassifier$Factory.getClassifier(IdfMultiIntentClassifier.kt:288)
	at furhatos.flow.kotlin.IntentClassifierBuilder$init$1$task$1.call(IntentClassifierBuilder.kt:55)
	at furhatos.flow.kotlin.IntentClassifierBuilder$init$1$task$1.call(IntentClassifierBuilder.kt:15)
	at java.util.concurrent.FutureTask.run(FutureTask.java:266)
	at java.util.concurrent.ThreadPoolExecutor.runWorker(ThreadPoolExecutor.java:1149)
	at java.util.concurrent.ThreadPoolExecutor$Worker.run(ThreadPoolExecutor.java:624)
	at java.lang.Thread.run(Thread.java:748)

